<?xml version="1.0" encoding="UTF-8"?>
<!-- Generated by org.testng.reporters.JUnitReportReporter -->
<testsuite hostname="TYSS-Renukaprasad" failures="0" tests="3" name="shoppersStack.ShoppersStackShopper" time="6.911" errors="0" timestamp="2023-09-05T11:54:18 IST" skipped="0">
  <testcase classname="shoppersStack.ShoppersStackShopper" name="shopperLogin" time="2.606"/>
  <system-out/>
  <testcase classname="shoppersStack.ShoppersStackShopper" name="ViewProducts" time="1.511"/>
  <system-out/>
  <testcase classname="shoppersStack.ShoppersStackShopper" name="wishlist" time="2.794"/>
  <system-out/>
</testsuite> <!-- shoppersStack.ShoppersStackShopper -->
